2020-04-06 19:43:38,643:INFO: Loading the datasets...
2020-04-06 19:43:38,696:INFO: - done.
2020-04-06 19:43:40,916:INFO: Starting training for 120 epoch(s)
2020-04-06 19:43:40,924:INFO: Epoch 0/119
2020-04-06 19:43:40,924:INFO: ----------
2020-04-06 19:44:09,685:INFO: Train Loss: 3.1558 Acc: 0.1423
2020-04-06 19:44:17,192:INFO: Val Acc: 0.0866
2020-04-06 19:44:17,193:INFO: Found new best accuracy
2020-04-06 19:44:17,200:INFO: Epoch 1/119
2020-04-06 19:44:17,200:INFO: ----------
2020-04-06 19:44:45,957:INFO: Train Loss: 2.2148 Acc: 0.2114
2020-04-06 19:44:53,355:INFO: Val Acc: 0.2213
2020-04-06 19:44:53,355:INFO: Found new best accuracy
2020-04-06 19:44:53,362:INFO: Epoch 2/119
2020-04-06 19:44:53,362:INFO: ----------
2020-04-06 19:45:22,205:INFO: Train Loss: 2.1092 Acc: 0.2388
2020-04-06 19:45:29,690:INFO: Val Acc: 0.2490
2020-04-06 19:45:29,690:INFO: Found new best accuracy
2020-04-06 19:45:29,696:INFO: Epoch 3/119
2020-04-06 19:45:29,696:INFO: ----------
2020-04-06 19:45:58,520:INFO: Train Loss: 1.9745 Acc: 0.3062
2020-04-06 19:46:05,445:INFO: Val Acc: 0.2825
2020-04-06 19:46:05,446:INFO: Found new best accuracy
2020-04-06 19:46:05,453:INFO: Epoch 4/119
2020-04-06 19:46:05,453:INFO: ----------
2020-04-06 19:46:34,255:INFO: Train Loss: 1.8823 Acc: 0.3409
2020-04-06 19:46:41,563:INFO: Val Acc: 0.3201
2020-04-06 19:46:41,563:INFO: Found new best accuracy
2020-04-06 19:46:41,570:INFO: Epoch 5/119
2020-04-06 19:46:41,570:INFO: ----------
2020-04-06 19:47:10,558:INFO: Train Loss: 1.7998 Acc: 0.3689
2020-04-06 19:47:17,889:INFO: Val Acc: 0.3251
2020-04-06 19:47:17,890:INFO: Found new best accuracy
2020-04-06 19:47:17,897:INFO: Epoch 6/119
2020-04-06 19:47:17,897:INFO: ----------
2020-04-06 19:47:50,326:INFO: Loading the datasets...
2020-04-06 19:47:50,380:INFO: - done.
2020-04-06 19:47:52,559:INFO: Starting training for 120 epoch(s)
2020-04-06 19:47:52,568:INFO: Epoch 0/119
2020-04-06 19:47:52,568:INFO: ----------
2020-04-06 19:48:21,557:INFO: Train Loss: 2.1060 Acc: 0.2497
2020-04-06 19:48:28,937:INFO: Val Acc: 0.3120
2020-04-06 19:48:28,937:INFO: Found new best accuracy
2020-04-06 19:48:28,946:INFO: Epoch 1/119
2020-04-06 19:48:28,946:INFO: ----------
2020-04-06 19:48:58,031:INFO: Train Loss: 1.8222 Acc: 0.3689
2020-04-06 19:49:05,657:INFO: Val Acc: 0.3787
2020-04-06 19:49:05,657:INFO: Found new best accuracy
2020-04-06 19:49:05,664:INFO: Epoch 2/119
2020-04-06 19:49:05,664:INFO: ----------
2020-04-06 19:49:34,793:INFO: Train Loss: 1.7023 Acc: 0.4025
2020-04-06 19:49:42,328:INFO: Val Acc: 0.3157
2020-04-06 19:49:42,329:INFO: Epoch 3/119
2020-04-06 19:49:42,329:INFO: ----------
2020-04-06 19:50:11,421:INFO: Train Loss: 1.5989 Acc: 0.4413
2020-04-06 19:50:25,038:INFO: Loading the datasets...
2020-04-06 19:50:25,081:INFO: - done.
2020-04-06 19:50:27,748:INFO: Starting training for 120 epoch(s)
2020-04-06 19:50:27,755:INFO: Epoch 0/119
2020-04-06 19:50:27,755:INFO: ----------
2020-04-06 19:50:42,981:INFO: Loading the datasets...
2020-04-06 19:50:43,023:INFO: - done.
2020-04-06 19:50:45,457:INFO: Starting training for 120 epoch(s)
2020-04-06 19:50:45,464:INFO: Epoch 0/119
2020-04-06 19:50:45,464:INFO: ----------
2020-04-06 19:51:14,636:INFO: Train Loss: 1.0917 Acc: 0.6308
2020-04-06 19:51:22,726:INFO: Val Acc: 0.8172
2020-04-06 19:51:22,727:INFO: Found new best accuracy
2020-04-06 19:51:22,734:INFO: Epoch 1/119
2020-04-06 19:51:22,735:INFO: ----------
2020-04-06 19:52:33,090:INFO: Loading the datasets...
2020-04-06 19:52:33,131:INFO: - done.
2020-04-06 19:52:35,368:INFO: Starting training for 120 epoch(s)
2020-04-06 19:52:35,375:INFO: Epoch 0/119
2020-04-06 19:52:35,376:INFO: ----------
2020-04-06 19:53:01,017:INFO: Loading the datasets...
2020-04-06 19:53:01,058:INFO: - done.
2020-04-06 19:53:03,512:INFO: Starting training for 120 epoch(s)
2020-04-06 19:53:03,521:INFO: Epoch 0/119
2020-04-06 19:53:03,521:INFO: ----------
